DEBUG   |170511 03:30:43|PHP WARNING (not an error; you can ignore) on line 198 in file <root>\administrator\components\com_akeeba\BackupEngine\Driver\Mysql.php:
DEBUG   |170511 03:30:43|mysql_close(): 70 is not a valid MySQL-Link resource
DEBUG   |170511 03:30:44|PHP WARNING (not an error; you can ignore) on line 198 in file <root>\administrator\components\com_akeeba\BackupEngine\Driver\Mysql.php:
DEBUG   |170511 03:30:44|mysql_close(): 70 is not a valid MySQL-Link resource
DEBUG   |170511 03:30:45|PHP WARNING (not an error; you can ignore) on line 198 in file <root>\administrator\components\com_akeeba\BackupEngine\Driver\Mysql.php:
DEBUG   |170511 03:30:45|mysql_close(): 70 is not a valid MySQL-Link resource
DEBUG   |170511 03:30:46|PHP WARNING (not an error; you can ignore) on line 198 in file <root>\administrator\components\com_akeeba\BackupEngine\Driver\Mysql.php:
DEBUG   |170511 03:30:46|mysql_close(): 70 is not a valid MySQL-Link resource
DEBUG   |170511 03:30:50|PHP WARNING (not an error; you can ignore) on line 198 in file <root>\administrator\components\com_akeeba\BackupEngine\Driver\Mysql.php:
DEBUG   |170511 03:30:50|mysql_close(): 70 is not a valid MySQL-Link resource
DEBUG   |170511 03:30:50|PHP WARNING (not an error; you can ignore) on line 198 in file <root>\administrator\components\com_akeeba\BackupEngine\Driver\Mysql.php:
DEBUG   |170511 03:30:50|mysql_close(): 70 is not a valid MySQL-Link resource
DEBUG   |170511 03:30:50|PHP WARNING (not an error; you can ignore) on line 198 in file <root>\administrator\components\com_akeeba\BackupEngine\Driver\Mysql.php:
DEBUG   |170511 03:30:50|mysql_close(): 70 is not a valid MySQL-Link resource
DEBUG   |170511 03:30:51|PHP WARNING (not an error; you can ignore) on line 198 in file <root>\administrator\components\com_akeeba\BackupEngine\Driver\Mysql.php:
DEBUG   |170511 03:30:51|mysql_close(): 70 is not a valid MySQL-Link resource
DEBUG   |170511 03:30:57|PHP WARNING (not an error; you can ignore) on line 198 in file <root>\administrator\components\com_akeeba\BackupEngine\Driver\Mysql.php:
DEBUG   |170511 03:30:57|mysql_close(): 70 is not a valid MySQL-Link resource
DEBUG   |170511 03:31:03|PHP WARNING (not an error; you can ignore) on line 198 in file <root>\administrator\components\com_akeeba\BackupEngine\Driver\Mysql.php:
DEBUG   |170511 03:31:03|mysql_close(): 70 is not a valid MySQL-Link resource
DEBUG   |170511 03:31:06|PHP WARNING (not an error; you can ignore) on line 198 in file <root>\administrator\components\com_akeeba\BackupEngine\Driver\Mysql.php:
DEBUG   |170511 03:31:06|mysql_close(): 70 is not a valid MySQL-Link resource
DEBUG   |170511 03:31:07|PHP WARNING (not an error; you can ignore) on line 198 in file <root>\administrator\components\com_akeeba\BackupEngine\Driver\Mysql.php:
DEBUG   |170511 03:31:07|mysql_close(): 70 is not a valid MySQL-Link resource
DEBUG   |170511 03:31:09|PHP WARNING (not an error; you can ignore) on line 198 in file <root>\administrator\components\com_akeeba\BackupEngine\Driver\Mysql.php:
DEBUG   |170511 03:31:09|mysql_close(): 70 is not a valid MySQL-Link resource
DEBUG   |170511 03:31:12|PHP WARNING (not an error; you can ignore) on line 198 in file <root>\administrator\components\com_akeeba\BackupEngine\Driver\Mysql.php:
DEBUG   |170511 03:31:12|mysql_close(): 70 is not a valid MySQL-Link resource
DEBUG   |170511 03:31:13|PHP WARNING (not an error; you can ignore) on line 198 in file <root>\administrator\components\com_akeeba\BackupEngine\Driver\Mysql.php:
DEBUG   |170511 03:31:13|mysql_close(): 70 is not a valid MySQL-Link resource
DEBUG   |170511 03:31:19|PHP WARNING (not an error; you can ignore) on line 198 in file <root>\administrator\components\com_akeeba\BackupEngine\Driver\Mysql.php:
DEBUG   |170511 03:31:19|mysql_close(): 70 is not a valid MySQL-Link resource
DEBUG   |170511 03:31:23|PHP WARNING (not an error; you can ignore) on line 198 in file <root>\administrator\components\com_akeeba\BackupEngine\Driver\Mysql.php:
DEBUG   |170511 03:31:23|mysql_close(): 70 is not a valid MySQL-Link resource
DEBUG   |170511 03:31:25|PHP WARNING (not an error; you can ignore) on line 198 in file <root>\administrator\components\com_akeeba\BackupEngine\Driver\Mysql.php:
DEBUG   |170511 03:31:25|mysql_close(): 70 is not a valid MySQL-Link resource
DEBUG   |170511 03:31:27|PHP WARNING (not an error; you can ignore) on line 198 in file <root>\administrator\components\com_akeeba\BackupEngine\Driver\Mysql.php:
DEBUG   |170511 03:31:27|mysql_close(): 70 is not a valid MySQL-Link resource
DEBUG   |170511 03:31:29|PHP WARNING (not an error; you can ignore) on line 198 in file <root>\administrator\components\com_akeeba\BackupEngine\Driver\Mysql.php:
DEBUG   |170511 03:31:29|mysql_close(): 70 is not a valid MySQL-Link resource
DEBUG   |170511 03:31:34|PHP WARNING (not an error; you can ignore) on line 198 in file <root>\administrator\components\com_akeeba\BackupEngine\Driver\Mysql.php:
DEBUG   |170511 03:31:34|mysql_close(): 70 is not a valid MySQL-Link resource
DEBUG   |170511 03:31:41|PHP WARNING (not an error; you can ignore) on line 198 in file <root>\administrator\components\com_akeeba\BackupEngine\Driver\Mysql.php:
DEBUG   |170511 03:31:41|mysql_close(): 70 is not a valid MySQL-Link resource
DEBUG   |170511 03:31:44|PHP WARNING (not an error; you can ignore) on line 198 in file <root>\administrator\components\com_akeeba\BackupEngine\Driver\Mysql.php:
DEBUG   |170511 03:31:44|mysql_close(): 70 is not a valid MySQL-Link resource
DEBUG   |170511 03:31:51|PHP WARNING (not an error; you can ignore) on line 198 in file <root>\administrator\components\com_akeeba\BackupEngine\Driver\Mysql.php:
DEBUG   |170511 03:31:51|mysql_close(): 70 is not a valid MySQL-Link resource
DEBUG   |170511 03:31:57|PHP WARNING (not an error; you can ignore) on line 198 in file <root>\administrator\components\com_akeeba\BackupEngine\Driver\Mysql.php:
DEBUG   |170511 03:31:57|mysql_close(): 70 is not a valid MySQL-Link resource
DEBUG   |170511 03:32:00|PHP WARNING (not an error; you can ignore) on line 198 in file <root>\administrator\components\com_akeeba\BackupEngine\Driver\Mysql.php:
DEBUG   |170511 03:32:00|mysql_close(): 70 is not a valid MySQL-Link resource
DEBUG   |170511 03:32:07|PHP WARNING (not an error; you can ignore) on line 198 in file <root>\administrator\components\com_akeeba\BackupEngine\Driver\Mysql.php:
DEBUG   |170511 03:32:07|mysql_close(): 70 is not a valid MySQL-Link resource
DEBUG   |170511 03:32:12|PHP WARNING (not an error; you can ignore) on line 198 in file <root>\administrator\components\com_akeeba\BackupEngine\Driver\Mysql.php:
DEBUG   |170511 03:32:12|mysql_close(): 70 is not a valid MySQL-Link resource
DEBUG   |170511 03:32:17|PHP WARNING (not an error; you can ignore) on line 198 in file <root>\administrator\components\com_akeeba\BackupEngine\Driver\Mysql.php:
DEBUG   |170511 03:32:17|mysql_close(): 70 is not a valid MySQL-Link resource
DEBUG   |170511 03:32:20|PHP WARNING (not an error; you can ignore) on line 198 in file <root>\administrator\components\com_akeeba\BackupEngine\Driver\Mysql.php:
DEBUG   |170511 03:32:20|mysql_close(): 70 is not a valid MySQL-Link resource
DEBUG   |170511 03:32:26|PHP WARNING (not an error; you can ignore) on line 198 in file <root>\administrator\components\com_akeeba\BackupEngine\Driver\Mysql.php:
DEBUG   |170511 03:32:26|mysql_close(): 70 is not a valid MySQL-Link resource
DEBUG   |170511 03:32:33|PHP WARNING (not an error; you can ignore) on line 198 in file <root>\administrator\components\com_akeeba\BackupEngine\Driver\Mysql.php:
DEBUG   |170511 03:32:33|mysql_close(): 70 is not a valid MySQL-Link resource
DEBUG   |170511 03:32:39|PHP WARNING (not an error; you can ignore) on line 198 in file <root>\administrator\components\com_akeeba\BackupEngine\Driver\Mysql.php:
DEBUG   |170511 03:32:39|mysql_close(): 70 is not a valid MySQL-Link resource
DEBUG   |170511 03:32:46|PHP WARNING (not an error; you can ignore) on line 198 in file <root>\administrator\components\com_akeeba\BackupEngine\Driver\Mysql.php:
DEBUG   |170511 03:32:46|mysql_close(): 70 is not a valid MySQL-Link resource
DEBUG   |170511 03:32:53|PHP WARNING (not an error; you can ignore) on line 198 in file <root>\administrator\components\com_akeeba\BackupEngine\Driver\Mysql.php:
DEBUG   |170511 03:32:53|mysql_close(): 70 is not a valid MySQL-Link resource
DEBUG   |170511 03:32:55|PHP WARNING (not an error; you can ignore) on line 198 in file <root>\administrator\components\com_akeeba\BackupEngine\Driver\Mysql.php:
DEBUG   |170511 03:32:55|mysql_close(): 70 is not a valid MySQL-Link resource
DEBUG   |170511 03:32:56|PHP WARNING (not an error; you can ignore) on line 198 in file <root>\administrator\components\com_akeeba\BackupEngine\Driver\Mysql.php:
DEBUG   |170511 03:32:56|mysql_close(): 70 is not a valid MySQL-Link resource
DEBUG   |170511 03:33:01|PHP WARNING (not an error; you can ignore) on line 198 in file <root>\administrator\components\com_akeeba\BackupEngine\Driver\Mysql.php:
DEBUG   |170511 03:33:01|mysql_close(): 70 is not a valid MySQL-Link resource
DEBUG   |170511 03:33:07|PHP WARNING (not an error; you can ignore) on line 198 in file <root>\administrator\components\com_akeeba\BackupEngine\Driver\Mysql.php:
DEBUG   |170511 03:33:07|mysql_close(): 70 is not a valid MySQL-Link resource
DEBUG   |170511 03:33:09|PHP WARNING (not an error; you can ignore) on line 198 in file <root>\administrator\components\com_akeeba\BackupEngine\Driver\Mysql.php:
DEBUG   |170511 03:33:09|mysql_close(): 70 is not a valid MySQL-Link resource
DEBUG   |170511 03:33:13|PHP WARNING (not an error; you can ignore) on line 198 in file <root>\administrator\components\com_akeeba\BackupEngine\Driver\Mysql.php:
DEBUG   |170511 03:33:13|mysql_close(): 70 is not a valid MySQL-Link resource
DEBUG   |170511 03:33:20|PHP WARNING (not an error; you can ignore) on line 198 in file <root>\administrator\components\com_akeeba\BackupEngine\Driver\Mysql.php:
DEBUG   |170511 03:33:20|mysql_close(): 70 is not a valid MySQL-Link resource
DEBUG   |170511 03:33:25|PHP WARNING (not an error; you can ignore) on line 198 in file <root>\administrator\components\com_akeeba\BackupEngine\Driver\Mysql.php:
DEBUG   |170511 03:33:25|mysql_close(): 70 is not a valid MySQL-Link resource
DEBUG   |170511 03:33:27|PHP WARNING (not an error; you can ignore) on line 198 in file <root>\administrator\components\com_akeeba\BackupEngine\Driver\Mysql.php:
DEBUG   |170511 03:33:27|mysql_close(): 70 is not a valid MySQL-Link resource
DEBUG   |170511 03:33:30|PHP WARNING (not an error; you can ignore) on line 198 in file <root>\administrator\components\com_akeeba\BackupEngine\Driver\Mysql.php:
DEBUG   |170511 03:33:30|mysql_close(): 70 is not a valid MySQL-Link resource
DEBUG   |170511 03:33:33|PHP WARNING (not an error; you can ignore) on line 198 in file <root>\administrator\components\com_akeeba\BackupEngine\Driver\Mysql.php:
DEBUG   |170511 03:33:33|mysql_close(): 70 is not a valid MySQL-Link resource
DEBUG   |170511 03:33:38|PHP WARNING (not an error; you can ignore) on line 198 in file <root>\administrator\components\com_akeeba\BackupEngine\Driver\Mysql.php:
DEBUG   |170511 03:33:38|mysql_close(): 70 is not a valid MySQL-Link resource
DEBUG   |170511 03:33:42|PHP WARNING (not an error; you can ignore) on line 198 in file <root>\administrator\components\com_akeeba\BackupEngine\Driver\Mysql.php:
DEBUG   |170511 03:33:42|mysql_close(): 70 is not a valid MySQL-Link resource
DEBUG   |170511 03:33:48|PHP WARNING (not an error; you can ignore) on line 198 in file <root>\administrator\components\com_akeeba\BackupEngine\Driver\Mysql.php:
DEBUG   |170511 03:33:48|mysql_close(): 70 is not a valid MySQL-Link resource
DEBUG   |170511 03:33:50|PHP WARNING (not an error; you can ignore) on line 198 in file <root>\administrator\components\com_akeeba\BackupEngine\Driver\Mysql.php:
DEBUG   |170511 03:33:50|mysql_close(): 70 is not a valid MySQL-Link resource
DEBUG   |170511 03:33:56|PHP WARNING (not an error; you can ignore) on line 198 in file <root>\administrator\components\com_akeeba\BackupEngine\Driver\Mysql.php:
DEBUG   |170511 03:33:56|mysql_close(): 70 is not a valid MySQL-Link resource
DEBUG   |170511 03:34:02|PHP WARNING (not an error; you can ignore) on line 198 in file <root>\administrator\components\com_akeeba\BackupEngine\Driver\Mysql.php:
DEBUG   |170511 03:34:02|mysql_close(): 70 is not a valid MySQL-Link resource
DEBUG   |170511 03:34:06|PHP WARNING (not an error; you can ignore) on line 198 in file <root>\administrator\components\com_akeeba\BackupEngine\Driver\Mysql.php:
DEBUG   |170511 03:34:06|mysql_close(): 70 is not a valid MySQL-Link resource
DEBUG   |170511 03:34:07|PHP WARNING (not an error; you can ignore) on line 198 in file <root>\administrator\components\com_akeeba\BackupEngine\Driver\Mysql.php:
DEBUG   |170511 03:34:07|mysql_close(): 70 is not a valid MySQL-Link resource
DEBUG   |170511 03:34:13|PHP WARNING (not an error; you can ignore) on line 198 in file <root>\administrator\components\com_akeeba\BackupEngine\Driver\Mysql.php:
DEBUG   |170511 03:34:13|mysql_close(): 70 is not a valid MySQL-Link resource
DEBUG   |170511 03:34:19|PHP WARNING (not an error; you can ignore) on line 198 in file <root>\administrator\components\com_akeeba\BackupEngine\Driver\Mysql.php:
DEBUG   |170511 03:34:19|mysql_close(): 70 is not a valid MySQL-Link resource
DEBUG   |170511 03:34:21|PHP WARNING (not an error; you can ignore) on line 198 in file <root>\administrator\components\com_akeeba\BackupEngine\Driver\Mysql.php:
DEBUG   |170511 03:34:21|mysql_close(): 70 is not a valid MySQL-Link resource
DEBUG   |170511 03:34:23|PHP WARNING (not an error; you can ignore) on line 198 in file <root>\administrator\components\com_akeeba\BackupEngine\Driver\Mysql.php:
DEBUG   |170511 03:34:23|mysql_close(): 70 is not a valid MySQL-Link resource
DEBUG   |170511 03:34:25|PHP WARNING (not an error; you can ignore) on line 198 in file <root>\administrator\components\com_akeeba\BackupEngine\Driver\Mysql.php:
DEBUG   |170511 03:34:25|mysql_close(): 70 is not a valid MySQL-Link resource
DEBUG   |170511 03:34:27|PHP WARNING (not an error; you can ignore) on line 198 in file <root>\administrator\components\com_akeeba\BackupEngine\Driver\Mysql.php:
DEBUG   |170511 03:34:27|mysql_close(): 70 is not a valid MySQL-Link resource
DEBUG   |170511 03:54:18|Fetching filter data from database
DEBUG   |170511 03:54:18|Loading filters
DEBUG   |170511 03:54:18|-- Loading filter Directories
DEBUG   |170511 03:54:19|-- Loading filter Extradirs
DEBUG   |170511 03:54:19|-- Loading filter Files
DEBUG   |170511 03:54:19|-- Loading filter Incremental
DEBUG   |170511 03:54:19|-- Loading filter Multidb
DEBUG   |170511 03:54:19|-- Loading filter Regexdirectories
DEBUG   |170511 03:54:19|-- Loading filter Regexfiles
DEBUG   |170511 03:54:19|-- Loading filter Regexskipdirs
DEBUG   |170511 03:54:19|-- Loading filter Regexskipfiles
DEBUG   |170511 03:54:19|-- Loading filter Regextabledata
DEBUG   |170511 03:54:19|-- Loading filter Regextables
DEBUG   |170511 03:54:19|-- Loading filter Skipdirs
DEBUG   |170511 03:54:19|-- Loading filter Skipfiles
DEBUG   |170511 03:54:19|-- Loading filter Tabledata
DEBUG   |170511 03:54:19|-- Loading filter Tables
DEBUG   |170511 03:54:19|-- Loading filter Cvsfolders
DEBUG   |170511 03:54:19|-- Loading filter Excludefiles
DEBUG   |170511 03:54:19|-- Loading filter Excludefolders
DEBUG   |170511 03:54:19|-- Loading filter Excludetabledata
DEBUG   |170511 03:54:19|-- Loading filter Joomlaskipdirs
DEBUG   |170511 03:54:19|-- Loading filter Joomlaskipfiles
DEBUG   |170511 03:54:19|-- Loading filter Libraries
DEBUG   |170511 03:54:19|-- Loading filter Sitedb
DEBUG   |170511 03:54:19|-- Loading filter Siteroot
DEBUG   |170511 03:54:19|-- Loading filter Systemcachefiles
DEBUG   |170511 03:54:19|Loading optional filters
DEBUG   |170511 03:54:19|-- Loading optional filter Stack\StackErrorlogs
DEBUG   |170511 03:54:19|-- Loading optional filter Stack\StackHoststats
DEBUG   |170511 03:54:19|-- Loading optional filter Stack\StackFinder
DEBUG   |170511 03:54:19|-- Loading optional filter Stack\StackMyjoomla
DEBUG   |170511 03:54:51|Fetching filter data from database
DEBUG   |170511 03:54:51|Loading filters
DEBUG   |170511 03:54:51|-- Loading filter Directories
DEBUG   |170511 03:54:51|-- Loading filter Extradirs
DEBUG   |170511 03:54:51|-- Loading filter Files
DEBUG   |170511 03:54:51|-- Loading filter Incremental
DEBUG   |170511 03:54:51|-- Loading filter Multidb
DEBUG   |170511 03:54:51|-- Loading filter Regexdirectories
DEBUG   |170511 03:54:51|-- Loading filter Regexfiles
DEBUG   |170511 03:54:51|-- Loading filter Regexskipdirs
DEBUG   |170511 03:54:51|-- Loading filter Regexskipfiles
DEBUG   |170511 03:54:51|-- Loading filter Regextabledata
DEBUG   |170511 03:54:51|-- Loading filter Regextables
DEBUG   |170511 03:54:51|-- Loading filter Skipdirs
DEBUG   |170511 03:54:51|-- Loading filter Skipfiles
DEBUG   |170511 03:54:51|-- Loading filter Tabledata
DEBUG   |170511 03:54:51|-- Loading filter Tables
DEBUG   |170511 03:54:51|-- Loading filter Cvsfolders
DEBUG   |170511 03:54:51|-- Loading filter Excludefiles
DEBUG   |170511 03:54:51|-- Loading filter Excludefolders
DEBUG   |170511 03:54:51|-- Loading filter Excludetabledata
DEBUG   |170511 03:54:51|-- Loading filter Joomlaskipdirs
DEBUG   |170511 03:54:51|-- Loading filter Joomlaskipfiles
DEBUG   |170511 03:54:51|-- Loading filter Libraries
DEBUG   |170511 03:54:51|-- Loading filter Sitedb
DEBUG   |170511 03:54:51|-- Loading filter Siteroot
DEBUG   |170511 03:54:51|-- Loading filter Systemcachefiles
DEBUG   |170511 03:54:51|Loading optional filters
DEBUG   |170511 03:54:51|-- Loading optional filter Stack\StackErrorlogs
DEBUG   |170511 03:54:51|-- Loading optional filter Stack\StackHoststats
DEBUG   |170511 03:54:51|-- Loading optional filter Stack\StackFinder
DEBUG   |170511 03:54:51|-- Loading optional filter Stack\StackMyjoomla
DEBUG   |170511 04:04:08|Fetching filter data from database
DEBUG   |170511 04:04:08|Loading filters
DEBUG   |170511 04:04:08|-- Loading filter Directories
DEBUG   |170511 04:04:08|-- Loading filter Extradirs
DEBUG   |170511 04:04:08|-- Loading filter Files
DEBUG   |170511 04:04:08|-- Loading filter Incremental
DEBUG   |170511 04:04:08|-- Loading filter Multidb
DEBUG   |170511 04:04:08|-- Loading filter Regexdirectories
DEBUG   |170511 04:04:08|-- Loading filter Regexfiles
DEBUG   |170511 04:04:08|-- Loading filter Regexskipdirs
DEBUG   |170511 04:04:08|-- Loading filter Regexskipfiles
DEBUG   |170511 04:04:08|-- Loading filter Regextabledata
DEBUG   |170511 04:04:08|-- Loading filter Regextables
DEBUG   |170511 04:04:08|-- Loading filter Skipdirs
DEBUG   |170511 04:04:08|-- Loading filter Skipfiles
DEBUG   |170511 04:04:08|-- Loading filter Tabledata
DEBUG   |170511 04:04:08|-- Loading filter Tables
DEBUG   |170511 04:04:08|-- Loading filter Cvsfolders
DEBUG   |170511 04:04:08|-- Loading filter Excludefiles
DEBUG   |170511 04:04:08|-- Loading filter Excludefolders
DEBUG   |170511 04:04:08|-- Loading filter Excludetabledata
DEBUG   |170511 04:04:08|-- Loading filter Joomlaskipdirs
DEBUG   |170511 04:04:08|-- Loading filter Joomlaskipfiles
DEBUG   |170511 04:04:08|-- Loading filter Libraries
DEBUG   |170511 04:04:08|-- Loading filter Sitedb
DEBUG   |170511 04:04:08|-- Loading filter Siteroot
DEBUG   |170511 04:04:08|-- Loading filter Systemcachefiles
DEBUG   |170511 04:04:08|Loading optional filters
DEBUG   |170511 04:04:08|-- Loading optional filter Stack\StackErrorlogs
DEBUG   |170511 04:04:08|-- Loading optional filter Stack\StackHoststats
DEBUG   |170511 04:04:08|-- Loading optional filter Stack\StackFinder
DEBUG   |170511 04:04:08|-- Loading optional filter Stack\StackMyjoomla
